# JRE version: Java(TM) SE Runtime Environment (8.0_221-b11) (build 1.8.0_221-b11)
# Java VM: Java HotSpot(TM) 64-Bit Server VM (25.221-b11 mixed mode windows-amd64 compressed oops)
Heap:
 PSYoungGen      total 24576K, used 8455K [0x00000000eb580000, 0x00000000ed380000, 0x0000000100000000)
  eden space 18432K, 42% used [0x00000000eb580000,0x00000000ebd258b8,0x00000000ec780000)
  from space 6144K, 10% used [0x00000000ecd80000,0x00000000ece1c500,0x00000000ed380000)
  to   space 6144K, 0% used [0x00000000ec780000,0x00000000ec780000,0x00000000ecd80000)
 ParOldGen       total 26624K, used 7605K [0x00000000c2000000, 0x00000000c3a00000, 0x00000000eb580000)
  object space 26624K, 28% used [0x00000000c2000000,0x00000000c276d5a0,0x00000000c3a00000)
 Metaspace       used 23946K, capacity 25470K, committed 25724K, reserved 1071104K
  class space    used 3085K, capacity 3407K, committed 3452K, reserved 1048576K
GC Heap History (10 events):
Event: 8.572 GC heap before
{Heap before GC invocations=13 (full 1):
 PSYoungGen      total 18432K, used 13651K [0x00000000eb580000, 0x00000000ed380000, 0x0000000100000000)
  eden space 12288K, 100% used [0x00000000eb580000,0x00000000ec180000,0x00000000ec180000)
  from space 6144K, 22% used [0x00000000ec180000,0x00000000ec2d4ce0,0x00000000ec780000)
  to   space 6144K, 0% used [0x00000000ecd80000,0x00000000ecd80000,0x00000000ed380000)
 ParOldGen       total 26624K, used 5167K [0x00000000c2000000, 0x00000000c3a00000, 0x00000000eb580000)
  object space 26624K, 19% used [0x00000000c2000000,0x00000000c250bc60,0x00000000c3a00000)
 Metaspace       used 22647K, capacity 24042K, committed 24316K, reserved 1071104K
  class space    used 2939K, capacity 3245K, committed 3324K, reserved 1048576K
Event: 8.576 GC heap after
Heap after GC invocations=13 (full 1):
 PSYoungGen      total 24576K, used 1370K [0x00000000eb580000, 0x00000000ed380000, 0x0000000100000000)
  eden space 18432K, 0% used [0x00000000eb580000,0x00000000eb580000,0x00000000ec780000)
  from space 6144K, 22% used [0x00000000ecd80000,0x00000000eced6860,0x00000000ed380000)
  to   space 6144K, 0% used [0x00000000ec780000,0x00000000ec780000,0x00000000ecd80000)
 ParOldGen       total 26624K, used 5885K [0x00000000c2000000, 0x00000000c3a00000, 0x00000000eb580000)
  object space 26624K, 22% used [0x00000000c2000000,0x00000000c25bf7a0,0x00000000c3a00000)
 Metaspace       used 22647K, capacity 24042K, committed 24316K, reserved 1071104K
  class space    used 2939K, capacity 3245K, committed 3324K, reserved 1048576K
}
Event: 8.968 GC heap before
{Heap before GC invocations=14 (full 1):
 PSYoungGen      total 24576K, used 19802K [0x00000000eb580000, 0x00000000ed380000, 0x0000000100000000)
  eden space 18432K, 100% used [0x00000000eb580000,0x00000000ec780000,0x00000000ec780000)
  from space 6144K, 22% used [0x00000000ecd80000,0x00000000eced6860,0x00000000ed380000)
  to   space 6144K, 0% used [0x00000000ec780000,0x00000000ec780000,0x00000000ecd80000)
 ParOldGen       total 26624K, used 5885K [0x00000000c2000000, 0x00000000c3a00000, 0x00000000eb580000)
  object space 26624K, 22% used [0x00000000c2000000,0x00000000c25bf7a0,0x00000000c3a00000)
 Metaspace       used 22966K, capacity 24390K, committed 24572K, reserved 1071104K
  class space    used 2974K, capacity 3285K, committed 3324K, reserved 1048576K
Event: 8.971 GC heap after
Heap after GC invocations=14 (full 1):
 PSYoungGen      total 24576K, used 816K [0x00000000eb580000, 0x00000000ed380000, 0x0000000100000000)
  eden space 18432K, 0% used [0x00000000eb580000,0x00000000eb580000,0x00000000ec780000)
  from space 6144K, 13% used [0x00000000ec780000,0x00000000ec84c380,0x00000000ecd80000)
  to   space 6144K, 0% used [0x00000000ecd80000,0x00000000ecd80000,0x00000000ed380000)
 ParOldGen       total 26624K, used 6753K [0x00000000c2000000, 0x00000000c3a00000, 0x00000000eb580000)
  object space 26624K, 25% used [0x00000000c2000000,0x00000000c26987b0,0x00000000c3a00000)
 Metaspace       used 22966K, capacity 24390K, committed 24572K, reserved 1071104K
  class space    used 2974K, capacity 3285K, committed 3324K, reserved 1048576K
}
Event: 9.156 GC heap before
{Heap before GC invocations=15 (full 1):
 PSYoungGen      total 24576K, used 19248K [0x00000000eb580000, 0x00000000ed380000, 0x0000000100000000)
  eden space 18432K, 100% used [0x00000000eb580000,0x00000000ec780000,0x00000000ec780000)
  from space 6144K, 13% used [0x00000000ec780000,0x00000000ec84c380,0x00000000ecd80000)
  to   space 6144K, 0% used [0x00000000ecd80000,0x00000000ecd80000,0x00000000ed380000)
 ParOldGen       total 26624K, used 6753K [0x00000000c2000000, 0x00000000c3a00000, 0x00000000eb580000)
  object space 26624K, 25% used [0x00000000c2000000,0x00000000c26987b0,0x00000000c3a00000)
 Metaspace       used 23198K, capacity 24626K, committed 24828K, reserved 1071104K
  class space    used 2991K, capacity 3289K, committed 3324K, reserved 1048576K
Event: 9.159 GC heap after
Heap after GC invocations=15 (full 1):
 PSYoungGen      total 24576K, used 576K [0x00000000eb580000, 0x00000000ed380000, 0x0000000100000000)
  eden space 18432K, 0% used [0x00000000eb580000,0x00000000eb580000,0x00000000ec780000)
  from space 6144K, 9% used [0x00000000ecd80000,0x00000000ece10000,0x00000000ed380000)
  to   space 6144K, 0% used [0x00000000ec780000,0x00000000ec780000,0x00000000ecd80000)
 ParOldGen       total 26624K, used 7069K [0x00000000c2000000, 0x00000000c3a00000, 0x00000000eb580000)
  object space 26624K, 26% used [0x00000000c2000000,0x00000000c26e75a0,0x00000000c3a00000)
 Metaspace       used 23198K, capacity 24626K, committed 24828K, reserved 1071104K
  class space    used 2991K, capacity 3289K, committed 3324K, reserved 1048576K
}
Event: 9.322 GC heap before
{Heap before GC invocations=16 (full 1):
 PSYoungGen      total 24576K, used 19008K [0x00000000eb580000, 0x00000000ed380000, 0x0000000100000000)
  eden space 18432K, 100% used [0x00000000eb580000,0x00000000ec780000,0x00000000ec780000)
  from space 6144K, 9% used [0x00000000ecd80000,0x00000000ece10000,0x00000000ed380000)
  to   space 6144K, 0% used [0x00000000ec780000,0x00000000ec780000,0x00000000ecd80000)
 ParOldGen       total 26624K, used 7069K [0x00000000c2000000, 0x00000000c3a00000, 0x00000000eb580000)
  object space 26624K, 26% used [0x00000000c2000000,0x00000000c26e75a0,0x00000000c3a00000)
 Metaspace       used 23303K, capacity 24714K, committed 24828K, reserved 1071104K
  class space    used 3001K, capacity 3293K, committed 3324K, reserved 1048576K
Event: 9.325 GC heap after
Heap after GC invocations=16 (full 1):
 PSYoungGen      total 24576K, used 608K [0x00000000eb580000, 0x00000000ed380000, 0x0000000100000000)
  eden space 18432K, 0% used [0x00000000eb580000,0x00000000eb580000,0x00000000ec780000)
  from space 6144K, 9% used [0x00000000ec780000,0x00000000ec818000,0x00000000ecd80000)
  to   space 6144K, 0% used [0x00000000ecd80000,0x00000000ecd80000,0x00000000ed380000)
 ParOldGen       total 26624K, used 7341K [0x00000000c2000000, 0x00000000c3a00000, 0x00000000eb580000)
  object space 26624K, 27% used [0x00000000c2000000,0x00000000c272b5a0,0x00000000c3a00000)
 Metaspace       used 23303K, capacity 24714K, committed 24828K, reserved 1071104K
  class space    used 3001K, capacity 3293K, committed 3324K, reserved 1048576K
}
Event: 9.494 GC heap before
{Heap before GC invocations=17 (full 1):
 PSYoungGen      total 24576K, used 19040K [0x00000000eb580000, 0x00000000ed380000, 0x0000000100000000)
  eden space 18432K, 100% used [0x00000000eb580000,0x00000000ec780000,0x00000000ec780000)
  from space 6144K, 9% used [0x00000000ec780000,0x00000000ec818000,0x00000000ecd80000)
  to   space 6144K, 0% used [0x00000000ecd80000,0x00000000ecd80000,0x00000000ed380000)
 ParOldGen       total 26624K, used 7341K [0x00000000c2000000, 0x00000000c3a00000, 0x00000000eb580000)
  object space 26624K, 27% used [0x00000000c2000000,0x00000000c272b5a0,0x00000000c3a00000)
 Metaspace       used 23525K, capacity 25044K, committed 25212K, reserved 1071104K
  class space    used 3029K, capacity 3334K, committed 3452K, reserved 1048576K
Event: 9.497 GC heap after
Heap after GC invocations=17 (full 1):
 PSYoungGen      total 24576K, used 625K [0x00000000eb580000, 0x00000000ed380000, 0x0000000100000000)
  eden space 18432K, 0% used [0x00000000eb580000,0x00000000eb580000,0x00000000ec780000)
  from space 6144K, 10% used [0x00000000ecd80000,0x00000000ece1c500,0x00000000ed380000)
  to   space 6144K, 0% used [0x00000000ec780000,0x00000000ec780000,0x00000000ecd80000)
 ParOldGen       total 26624K, used 7605K [0x00000000c2000000, 0x00000000c3a00000, 0x00000000eb580000)
  object space 26624K, 28% used [0x00000000c2000000,0x00000000c276d5a0,0x00000000c3a00000)
 Metaspace       used 23525K, capacity 25044K, committed 25212K, reserved 1071104K
  class space    used 3029K, capacity 3334K, committed 3452K, reserved 1048576K
}

