# JRE version: Java(TM) SE Runtime Environment (8.0_221-b11) (build 1.8.0_221-b11)
# Java VM: Java HotSpot(TM) 64-Bit Server VM (25.221-b11 mixed mode windows-amd64 compressed oops)
Heap:
 PSYoungGen      total 18432K, used 12029K [0x00000000eb580000, 0x00000000eca00000, 0x0000000100000000)
  eden space 15872K, 59% used [0x00000000eb580000,0x00000000ebec4708,0x00000000ec500000)
  from space 2560K, 99% used [0x00000000ec780000,0x00000000ec9fadb8,0x00000000eca00000)
  to   space 2560K, 0% used [0x00000000ec500000,0x00000000ec500000,0x00000000ec780000)
 ParOldGen       total 42496K, used 7027K [0x00000000c2000000, 0x00000000c4980000, 0x00000000eb580000)
  object space 42496K, 16% used [0x00000000c2000000,0x00000000c26dcfb8,0x00000000c4980000)
 Metaspace       used 17987K, capacity 19194K, committed 19456K, reserved 1067008K
  class space    used 2267K, capacity 2507K, committed 2560K, reserved 1048576K
GC Heap History (10 events):
Event: 2.714 GC heap before
{Heap before GC invocations=2 (full 0):
 PSYoungGen      total 18432K, used 18417K [0x00000000eb580000, 0x00000000eca00000, 0x0000000100000000)
  eden space 15872K, 100% used [0x00000000eb580000,0x00000000ec500000,0x00000000ec500000)
  from space 2560K, 99% used [0x00000000ec500000,0x00000000ec77c650,0x00000000ec780000)
  to   space 2560K, 0% used [0x00000000ec780000,0x00000000ec780000,0x00000000eca00000)
 ParOldGen       total 42496K, used 355K [0x00000000c2000000, 0x00000000c4980000, 0x00000000eb580000)
  object space 42496K, 0% used [0x00000000c2000000,0x00000000c2058c60,0x00000000c4980000)
 Metaspace       used 9405K, capacity 10152K, committed 10368K, reserved 1058816K
  class space    used 1178K, capacity 1344K, committed 1408K, reserved 1048576K
Event: 2.722 GC heap after
Heap after GC invocations=2 (full 0):
 PSYoungGen      total 18432K, used 2549K [0x00000000eb580000, 0x00000000eca00000, 0x0000000100000000)
  eden space 15872K, 0% used [0x00000000eb580000,0x00000000eb580000,0x00000000ec500000)
  from space 2560K, 99% used [0x00000000ec780000,0x00000000ec9fd6d0,0x00000000eca00000)
  to   space 2560K, 0% used [0x00000000ec500000,0x00000000ec500000,0x00000000ec780000)
 ParOldGen       total 42496K, used 1000K [0x00000000c2000000, 0x00000000c4980000, 0x00000000eb580000)
  object space 42496K, 2% used [0x00000000c2000000,0x00000000c20fa3c8,0x00000000c4980000)
 Metaspace       used 9405K, capacity 10152K, committed 10368K, reserved 1058816K
  class space    used 1178K, capacity 1344K, committed 1408K, reserved 1048576K
}
Event: 3.179 GC heap before
{Heap before GC invocations=3 (full 0):
 PSYoungGen      total 18432K, used 18421K [0x00000000eb580000, 0x00000000eca00000, 0x0000000100000000)
  eden space 15872K, 100% used [0x00000000eb580000,0x00000000ec500000,0x00000000ec500000)
  from space 2560K, 99% used [0x00000000ec780000,0x00000000ec9fd6d0,0x00000000eca00000)
  to   space 2560K, 0% used [0x00000000ec500000,0x00000000ec500000,0x00000000ec780000)
 ParOldGen       total 42496K, used 1000K [0x00000000c2000000, 0x00000000c4980000, 0x00000000eb580000)
  object space 42496K, 2% used [0x00000000c2000000,0x00000000c20fa3c8,0x00000000c4980000)
 Metaspace       used 11110K, capacity 11906K, committed 12160K, reserved 1060864K
  class space    used 1400K, capacity 1577K, committed 1664K, reserved 1048576K
Event: 3.188 GC heap after
Heap after GC invocations=3 (full 0):
 PSYoungGen      total 18432K, used 2534K [0x00000000eb580000, 0x00000000eca00000, 0x0000000100000000)
  eden space 15872K, 0% used [0x00000000eb580000,0x00000000eb580000,0x00000000ec500000)
  from space 2560K, 98% used [0x00000000ec500000,0x00000000ec779860,0x00000000ec780000)
  to   space 2560K, 0% used [0x00000000ec780000,0x00000000ec780000,0x00000000eca00000)
 ParOldGen       total 42496K, used 2367K [0x00000000c2000000, 0x00000000c4980000, 0x00000000eb580000)
  object space 42496K, 5% used [0x00000000c2000000,0x00000000c224fc30,0x00000000c4980000)
 Metaspace       used 11110K, capacity 11906K, committed 12160K, reserved 1060864K
  class space    used 1400K, capacity 1577K, committed 1664K, reserved 1048576K
}
Event: 3.532 GC heap before
{Heap before GC invocations=4 (full 0):
 PSYoungGen      total 18432K, used 18406K [0x00000000eb580000, 0x00000000eca00000, 0x0000000100000000)
  eden space 15872K, 100% used [0x00000000eb580000,0x00000000ec500000,0x00000000ec500000)
  from space 2560K, 98% used [0x00000000ec500000,0x00000000ec779860,0x00000000ec780000)
  to   space 2560K, 0% used [0x00000000ec780000,0x00000000ec780000,0x00000000eca00000)
 ParOldGen       total 42496K, used 2367K [0x00000000c2000000, 0x00000000c4980000, 0x00000000eb580000)
  object space 42496K, 5% used [0x00000000c2000000,0x00000000c224fc30,0x00000000c4980000)
 Metaspace       used 12981K, capacity 13888K, committed 14208K, reserved 1060864K
  class space    used 1634K, capacity 1822K, committed 1920K, reserved 1048576K
Event: 3.539 GC heap after
Heap after GC invocations=4 (full 0):
 PSYoungGen      total 18432K, used 2550K [0x00000000eb580000, 0x00000000eca00000, 0x0000000100000000)
  eden space 15872K, 0% used [0x00000000eb580000,0x00000000eb580000,0x00000000ec500000)
  from space 2560K, 99% used [0x00000000ec780000,0x00000000ec9fd870,0x00000000eca00000)
  to   space 2560K, 0% used [0x00000000ec500000,0x00000000ec500000,0x00000000ec780000)
 ParOldGen       total 42496K, used 3762K [0x00000000c2000000, 0x00000000c4980000, 0x00000000eb580000)
  object space 42496K, 8% used [0x00000000c2000000,0x00000000c23ac880,0x00000000c4980000)
 Metaspace       used 12981K, capacity 13888K, committed 14208K, reserved 1060864K
  class space    used 1634K, capacity 1822K, committed 1920K, reserved 1048576K
}
Event: 3.915 GC heap before
{Heap before GC invocations=5 (full 0):
 PSYoungGen      total 18432K, used 18422K [0x00000000eb580000, 0x00000000eca00000, 0x0000000100000000)
  eden space 15872K, 100% used [0x00000000eb580000,0x00000000ec500000,0x00000000ec500000)
  from space 2560K, 99% used [0x00000000ec780000,0x00000000ec9fd870,0x00000000eca00000)
  to   space 2560K, 0% used [0x00000000ec500000,0x00000000ec500000,0x00000000ec780000)
 ParOldGen       total 42496K, used 3762K [0x00000000c2000000, 0x00000000c4980000, 0x00000000eb580000)
  object space 42496K, 8% used [0x00000000c2000000,0x00000000c23ac880,0x00000000c4980000)
 Metaspace       used 14641K, capacity 15588K, committed 15744K, reserved 1062912K
  class space    used 1855K, capacity 2076K, committed 2176K, reserved 1048576K
Event: 3.923 GC heap after
Heap after GC invocations=5 (full 0):
 PSYoungGen      total 18432K, used 2550K [0x00000000eb580000, 0x00000000eca00000, 0x0000000100000000)
  eden space 15872K, 0% used [0x00000000eb580000,0x00000000eb580000,0x00000000ec500000)
  from space 2560K, 99% used [0x00000000ec500000,0x00000000ec77d870,0x00000000ec780000)
  to   space 2560K, 0% used [0x00000000ec780000,0x00000000ec780000,0x00000000eca00000)
 ParOldGen       total 42496K, used 5285K [0x00000000c2000000, 0x00000000c4980000, 0x00000000eb580000)
  object space 42496K, 12% used [0x00000000c2000000,0x00000000c25294a8,0x00000000c4980000)
 Metaspace       used 14641K, capacity 15588K, committed 15744K, reserved 1062912K
  class space    used 1855K, capacity 2076K, committed 2176K, reserved 1048576K
}
Event: 4.208 GC heap before
{Heap before GC invocations=6 (full 0):
 PSYoungGen      total 18432K, used 18422K [0x00000000eb580000, 0x00000000eca00000, 0x0000000100000000)
  eden space 15872K, 100% used [0x00000000eb580000,0x00000000ec500000,0x00000000ec500000)
  from space 2560K, 99% used [0x00000000ec500000,0x00000000ec77d870,0x00000000ec780000)
  to   space 2560K, 0% used [0x00000000ec780000,0x00000000ec780000,0x00000000eca00000)
 ParOldGen       total 42496K, used 5285K [0x00000000c2000000, 0x00000000c4980000, 0x00000000eb580000)
  object space 42496K, 12% used [0x00000000c2000000,0x00000000c25294a8,0x00000000c4980000)
 Metaspace       used 16466K, capacity 17642K, committed 17792K, reserved 1064960K
  class space    used 2081K, capacity 2337K, committed 2432K, reserved 1048576K
Event: 4.216 GC heap after
Heap after GC invocations=6 (full 0):
 PSYoungGen      total 18432K, used 2539K [0x00000000eb580000, 0x00000000eca00000, 0x0000000100000000)
  eden space 15872K, 0% used [0x00000000eb580000,0x00000000eb580000,0x00000000ec500000)
  from space 2560K, 99% used [0x00000000ec780000,0x00000000ec9fadb8,0x00000000eca00000)
  to   space 2560K, 0% used [0x00000000ec500000,0x00000000ec500000,0x00000000ec780000)
 ParOldGen       total 42496K, used 7027K [0x00000000c2000000, 0x00000000c4980000, 0x00000000eb580000)
  object space 42496K, 16% used [0x00000000c2000000,0x00000000c26dcfb8,0x00000000c4980000)
 Metaspace       used 16466K, capacity 17642K, committed 17792K, reserved 1064960K
  class space    used 2081K, capacity 2337K, committed 2432K, reserved 1048576K
}

