# JRE version: Java(TM) SE Runtime Environment (8.0_221-b11) (build 1.8.0_221-b11)
# Java VM: Java HotSpot(TM) 64-Bit Server VM (25.221-b11 mixed mode windows-amd64 compressed oops)
Heap:
 PSYoungGen      total 161792K, used 145505K [0x00000000eb580000, 0x00000000f9280000, 0x0000000100000000)
  eden space 146944K, 88% used [0x00000000eb580000,0x00000000f351a0f0,0x00000000f4500000)
  from space 14848K, 99% used [0x00000000f8400000,0x00000000f927e600,0x00000000f9280000)
  to   space 18432K, 0% used [0x00000000f6e80000,0x00000000f6e80000,0x00000000f8080000)
 ParOldGen       total 52736K, used 26114K [0x00000000c2000000, 0x00000000c5380000, 0x00000000eb580000)
  object space 52736K, 49% used [0x00000000c2000000,0x00000000c39809a0,0x00000000c5380000)
 Metaspace       used 27538K, capacity 28162K, committed 28288K, reserved 1075200K
  class space    used 3215K, capacity 3416K, committed 3456K, reserved 1048576K
GC Heap History (10 events):
Event: 18.000 GC heap before
{Heap before GC invocations=7 (full 0):
 PSYoungGen      total 70656K, used 68969K [0x00000000eb580000, 0x00000000f0380000, 0x0000000100000000)
  eden space 62976K, 100% used [0x00000000eb580000,0x00000000ef300000,0x00000000ef300000)
  from space 7680K, 78% used [0x00000000efb00000,0x00000000f00da5b8,0x00000000f0280000)
  to   space 8192K, 0% used [0x00000000ef300000,0x00000000ef300000,0x00000000efb00000)
 ParOldGen       total 42496K, used 9950K [0x00000000c2000000, 0x00000000c4980000, 0x00000000eb580000)
  object space 42496K, 23% used [0x00000000c2000000,0x00000000c29b7a40,0x00000000c4980000)
 Metaspace       used 15456K, capacity 15694K, committed 15872K, reserved 1062912K
  class space    used 1853K, capacity 1949K, committed 2048K, reserved 1048576K
Event: 18.031 GC heap after
Heap after GC invocations=7 (full 0):
 PSYoungGen      total 71168K, used 8176K [0x00000000eb580000, 0x00000000f4680000, 0x0000000100000000)
  eden space 62976K, 0% used [0x00000000eb580000,0x00000000eb580000,0x00000000ef300000)
  from space 8192K, 99% used [0x00000000ef300000,0x00000000efafc010,0x00000000efb00000)
  to   space 11264K, 0% used [0x00000000f3b80000,0x00000000f3b80000,0x00000000f4680000)
 ParOldGen       total 42496K, used 14307K [0x00000000c2000000, 0x00000000c4980000, 0x00000000eb580000)
  object space 42496K, 33% used [0x00000000c2000000,0x00000000c2df8f90,0x00000000c4980000)
 Metaspace       used 15456K, capacity 15694K, committed 15872K, reserved 1062912K
  class space    used 1853K, capacity 1949K, committed 2048K, reserved 1048576K
}
Event: 23.586 GC heap before
{Heap before GC invocations=8 (full 0):
 PSYoungGen      total 71168K, used 71152K [0x00000000eb580000, 0x00000000f4680000, 0x0000000100000000)
  eden space 62976K, 100% used [0x00000000eb580000,0x00000000ef300000,0x00000000ef300000)
  from space 8192K, 99% used [0x00000000ef300000,0x00000000efafc010,0x00000000efb00000)
  to   space 11264K, 0% used [0x00000000f3b80000,0x00000000f3b80000,0x00000000f4680000)
 ParOldGen       total 42496K, used 14307K [0x00000000c2000000, 0x00000000c4980000, 0x00000000eb580000)
  object space 42496K, 33% used [0x00000000c2000000,0x00000000c2df8f90,0x00000000c4980000)
 Metaspace       used 16794K, capacity 17196K, committed 17536K, reserved 1064960K
  class space    used 1965K, capacity 2086K, committed 2176K, reserved 1048576K
Event: 23.608 GC heap after
Heap after GC invocations=8 (full 0):
 PSYoungGen      total 134144K, used 11248K [0x00000000eb580000, 0x00000000f4c80000, 0x0000000100000000)
  eden space 122880K, 0% used [0x00000000eb580000,0x00000000eb580000,0x00000000f2d80000)
  from space 11264K, 99% used [0x00000000f3b80000,0x00000000f467c010,0x00000000f4680000)
  to   space 14336K, 0% used [0x00000000f2d80000,0x00000000f2d80000,0x00000000f3b80000)
 ParOldGen       total 42496K, used 16410K [0x00000000c2000000, 0x00000000c4980000, 0x00000000eb580000)
  object space 42496K, 38% used [0x00000000c2000000,0x00000000c3006af8,0x00000000c4980000)
 Metaspace       used 16794K, capacity 17196K, committed 17536K, reserved 1064960K
  class space    used 1965K, capacity 2086K, committed 2176K, reserved 1048576K
}
Event: 28.039 GC heap before
{Heap before GC invocations=9 (full 0):
 PSYoungGen      total 134144K, used 38263K [0x00000000eb580000, 0x00000000f4c80000, 0x0000000100000000)
  eden space 122880K, 21% used [0x00000000eb580000,0x00000000ecfe1e98,0x00000000f2d80000)
  from space 11264K, 99% used [0x00000000f3b80000,0x00000000f467c010,0x00000000f4680000)
  to   space 14336K, 0% used [0x00000000f2d80000,0x00000000f2d80000,0x00000000f3b80000)
 ParOldGen       total 42496K, used 16410K [0x00000000c2000000, 0x00000000c4980000, 0x00000000eb580000)
  object space 42496K, 38% used [0x00000000c2000000,0x00000000c3006af8,0x00000000c4980000)
 Metaspace       used 20638K, capacity 21138K, committed 21296K, reserved 1069056K
  class space    used 2465K, capacity 2615K, committed 2688K, reserved 1048576K
Event: 28.092 GC heap after
Heap after GC invocations=9 (full 0):
 PSYoungGen      total 137216K, used 10167K [0x00000000eb580000, 0x00000000f9280000, 0x0000000100000000)
  eden space 122880K, 0% used [0x00000000eb580000,0x00000000eb580000,0x00000000f2d80000)
  from space 14336K, 70% used [0x00000000f2d80000,0x00000000f376df48,0x00000000f3b80000)
  to   space 14848K, 0% used [0x00000000f8400000,0x00000000f8400000,0x00000000f9280000)
 ParOldGen       total 42496K, used 19724K [0x00000000c2000000, 0x00000000c4980000, 0x00000000eb580000)
  object space 42496K, 46% used [0x00000000c2000000,0x00000000c3343338,0x00000000c4980000)
 Metaspace       used 20638K, capacity 21138K, committed 21296K, reserved 1069056K
  class space    used 2465K, capacity 2615K, committed 2688K, reserved 1048576K
}
Event: 28.092 GC heap before
{Heap before GC invocations=10 (full 1):
 PSYoungGen      total 137216K, used 10167K [0x00000000eb580000, 0x00000000f9280000, 0x0000000100000000)
  eden space 122880K, 0% used [0x00000000eb580000,0x00000000eb580000,0x00000000f2d80000)
  from space 14336K, 70% used [0x00000000f2d80000,0x00000000f376df48,0x00000000f3b80000)
  to   space 14848K, 0% used [0x00000000f8400000,0x00000000f8400000,0x00000000f9280000)
 ParOldGen       total 42496K, used 19724K [0x00000000c2000000, 0x00000000c4980000, 0x00000000eb580000)
  object space 42496K, 46% used [0x00000000c2000000,0x00000000c3343338,0x00000000c4980000)
 Metaspace       used 20638K, capacity 21138K, committed 21296K, reserved 1069056K
  class space    used 2465K, capacity 2615K, committed 2688K, reserved 1048576K
Event: 28.729 GC heap after
Heap after GC invocations=10 (full 1):
 PSYoungGen      total 137216K, used 0K [0x00000000eb580000, 0x00000000f9280000, 0x0000000100000000)
  eden space 122880K, 0% used [0x00000000eb580000,0x00000000eb580000,0x00000000f2d80000)
  from space 14336K, 0% used [0x00000000f2d80000,0x00000000f2d80000,0x00000000f3b80000)
  to   space 14848K, 0% used [0x00000000f8400000,0x00000000f8400000,0x00000000f9280000)
 ParOldGen       total 52736K, used 21114K [0x00000000c2000000, 0x00000000c5380000, 0x00000000eb580000)
  object space 52736K, 40% used [0x00000000c2000000,0x00000000c349ea08,0x00000000c5380000)
 Metaspace       used 20638K, capacity 21138K, committed 21296K, reserved 1069056K
  class space    used 2465K, capacity 2615K, committed 2688K, reserved 1048576K
}
Event: 34.309 GC heap before
{Heap before GC invocations=11 (full 1):
 PSYoungGen      total 137216K, used 122880K [0x00000000eb580000, 0x00000000f9280000, 0x0000000100000000)
  eden space 122880K, 100% used [0x00000000eb580000,0x00000000f2d80000,0x00000000f2d80000)
  from space 14336K, 0% used [0x00000000f2d80000,0x00000000f2d80000,0x00000000f3b80000)
  to   space 14848K, 0% used [0x00000000f8400000,0x00000000f8400000,0x00000000f9280000)
 ParOldGen       total 52736K, used 21114K [0x00000000c2000000, 0x00000000c5380000, 0x00000000eb580000)
  object space 52736K, 40% used [0x00000000c2000000,0x00000000c349ea08,0x00000000c5380000)
 Metaspace       used 24453K, capacity 25054K, committed 25088K, reserved 1071104K
  class space    used 2880K, capacity 3046K, committed 3072K, reserved 1048576K
Event: 34.345 GC heap after
Heap after GC invocations=11 (full 1):
 PSYoungGen      total 161792K, used 14841K [0x00000000eb580000, 0x00000000f9280000, 0x0000000100000000)
  eden space 146944K, 0% used [0x00000000eb580000,0x00000000eb580000,0x00000000f4500000)
  from space 14848K, 99% used [0x00000000f8400000,0x00000000f927e600,0x00000000f9280000)
  to   space 18432K, 0% used [0x00000000f6e80000,0x00000000f6e80000,0x00000000f8080000)
 ParOldGen       total 52736K, used 26114K [0x00000000c2000000, 0x00000000c5380000, 0x00000000eb580000)
  object space 52736K, 49% used [0x00000000c2000000,0x00000000c39809a0,0x00000000c5380000)
 Metaspace       used 24453K, capacity 25054K, committed 25088K, reserved 1071104K
  class space    used 2880K, capacity 3046K, committed 3072K, reserved 1048576K
}

