# JRE version: Java(TM) SE Runtime Environment (8.0_221-b11) (build 1.8.0_221-b11)
# Java VM: Java HotSpot(TM) 64-Bit Server VM (25.221-b11 mixed mode windows-amd64 compressed oops)
Heap:
 PSYoungGen      total 70656K, used 11448K [0x00000000eb580000, 0x00000000f0380000, 0x0000000100000000)
  eden space 62976K, 6% used [0x00000000eb580000,0x00000000eb932360,0x00000000ef300000)
  from space 7680K, 99% used [0x00000000efb00000,0x00000000f027c030,0x00000000f0280000)
  to   space 8192K, 0% used [0x00000000ef300000,0x00000000ef300000,0x00000000efb00000)
 ParOldGen       total 42496K, used 20009K [0x00000000c2000000, 0x00000000c4980000, 0x00000000eb580000)
  object space 42496K, 47% used [0x00000000c2000000,0x00000000c338a698,0x00000000c4980000)
 Metaspace       used 16835K, capacity 17202K, committed 17536K, reserved 1064960K
  class space    used 1966K, capacity 2087K, committed 2176K, reserved 1048576K
GC Heap History (10 events):
Event: 5.817 GC heap before
{Heap before GC invocations=4 (full 0):
 PSYoungGen      total 18432K, used 18428K [0x00000000eb580000, 0x00000000ed980000, 0x0000000100000000)
  eden space 15872K, 100% used [0x00000000eb580000,0x00000000ec500000,0x00000000ec500000)
  from space 2560K, 99% used [0x00000000ec500000,0x00000000ec77f050,0x00000000ec780000)
  to   space 2560K, 0% used [0x00000000ed700000,0x00000000ed700000,0x00000000ed980000)
 ParOldGen       total 42496K, used 2449K [0x00000000c2000000, 0x00000000c4980000, 0x00000000eb580000)
  object space 42496K, 5% used [0x00000000c2000000,0x00000000c22647a0,0x00000000c4980000)
 Metaspace       used 11601K, capacity 11726K, committed 11776K, reserved 1058816K
  class space    used 1420K, capacity 1507K, committed 1536K, reserved 1048576K
Event: 5.832 GC heap after
Heap after GC invocations=4 (full 0):
 PSYoungGen      total 34304K, used 2528K [0x00000000eb580000, 0x00000000ed980000, 0x0000000100000000)
  eden space 31744K, 0% used [0x00000000eb580000,0x00000000eb580000,0x00000000ed480000)
  from space 2560K, 98% used [0x00000000ed700000,0x00000000ed978020,0x00000000ed980000)
  to   space 2560K, 0% used [0x00000000ed480000,0x00000000ed480000,0x00000000ed700000)
 ParOldGen       total 42496K, used 4613K [0x00000000c2000000, 0x00000000c4980000, 0x00000000eb580000)
  object space 42496K, 10% used [0x00000000c2000000,0x00000000c24814d8,0x00000000c4980000)
 Metaspace       used 11601K, capacity 11726K, committed 11776K, reserved 1058816K
  class space    used 1420K, capacity 1507K, committed 1536K, reserved 1048576K
}
Event: 7.791 GC heap before
{Heap before GC invocations=5 (full 0):
 PSYoungGen      total 34304K, used 34272K [0x00000000eb580000, 0x00000000ed980000, 0x0000000100000000)
  eden space 31744K, 100% used [0x00000000eb580000,0x00000000ed480000,0x00000000ed480000)
  from space 2560K, 98% used [0x00000000ed700000,0x00000000ed978020,0x00000000ed980000)
  to   space 2560K, 0% used [0x00000000ed480000,0x00000000ed480000,0x00000000ed700000)
 ParOldGen       total 42496K, used 4613K [0x00000000c2000000, 0x00000000c4980000, 0x00000000eb580000)
  object space 42496K, 10% used [0x00000000c2000000,0x00000000c24814d8,0x00000000c4980000)
 Metaspace       used 14754K, capacity 14974K, committed 15232K, reserved 1062912K
  class space    used 1808K, capacity 1909K, committed 1920K, reserved 1048576K
Event: 7.813 GC heap after
Heap after GC invocations=5 (full 0):
 PSYoungGen      total 34304K, used 2528K [0x00000000eb580000, 0x00000000f0280000, 0x0000000100000000)
  eden space 31744K, 0% used [0x00000000eb580000,0x00000000eb580000,0x00000000ed480000)
  from space 2560K, 98% used [0x00000000ed480000,0x00000000ed6f8020,0x00000000ed700000)
  to   space 7680K, 0% used [0x00000000efb00000,0x00000000efb00000,0x00000000f0280000)
 ParOldGen       total 42496K, used 9815K [0x00000000c2000000, 0x00000000c4980000, 0x00000000eb580000)
  object space 42496K, 23% used [0x00000000c2000000,0x00000000c2995f60,0x00000000c4980000)
 Metaspace       used 14754K, capacity 14974K, committed 15232K, reserved 1062912K
  class space    used 1808K, capacity 1909K, committed 1920K, reserved 1048576K
}
Event: 8.605 GC heap before
{Heap before GC invocations=6 (full 0):
 PSYoungGen      total 34304K, used 34272K [0x00000000eb580000, 0x00000000f0280000, 0x0000000100000000)
  eden space 31744K, 100% used [0x00000000eb580000,0x00000000ed480000,0x00000000ed480000)
  from space 2560K, 98% used [0x00000000ed480000,0x00000000ed6f8020,0x00000000ed700000)
  to   space 7680K, 0% used [0x00000000efb00000,0x00000000efb00000,0x00000000f0280000)
 ParOldGen       total 42496K, used 9815K [0x00000000c2000000, 0x00000000c4980000, 0x00000000eb580000)
  object space 42496K, 23% used [0x00000000c2000000,0x00000000c2995f60,0x00000000c4980000)
 Metaspace       used 15057K, capacity 15326K, committed 15616K, reserved 1062912K
  class space    used 1825K, capacity 1941K, committed 2048K, reserved 1048576K
Event: 8.620 GC heap after
Heap after GC invocations=6 (full 0):
 PSYoungGen      total 70656K, used 6057K [0x00000000eb580000, 0x00000000f0380000, 0x0000000100000000)
  eden space 62976K, 0% used [0x00000000eb580000,0x00000000eb580000,0x00000000ef300000)
  from space 7680K, 78% used [0x00000000efb00000,0x00000000f00ea598,0x00000000f0280000)
  to   space 8192K, 0% used [0x00000000ef300000,0x00000000ef300000,0x00000000efb00000)
 ParOldGen       total 42496K, used 9823K [0x00000000c2000000, 0x00000000c4980000, 0x00000000eb580000)
  object space 42496K, 23% used [0x00000000c2000000,0x00000000c2997f60,0x00000000c4980000)
 Metaspace       used 15057K, capacity 15326K, committed 15616K, reserved 1062912K
  class space    used 1825K, capacity 1941K, committed 2048K, reserved 1048576K
}
Event: 11.438 GC heap before
{Heap before GC invocations=7 (full 0):
 PSYoungGen      total 70656K, used 69033K [0x00000000eb580000, 0x00000000f0380000, 0x0000000100000000)
  eden space 62976K, 100% used [0x00000000eb580000,0x00000000ef300000,0x00000000ef300000)
  from space 7680K, 78% used [0x00000000efb00000,0x00000000f00ea598,0x00000000f0280000)
  to   space 8192K, 0% used [0x00000000ef300000,0x00000000ef300000,0x00000000efb00000)
 ParOldGen       total 42496K, used 9823K [0x00000000c2000000, 0x00000000c4980000, 0x00000000eb580000)
  object space 42496K, 23% used [0x00000000c2000000,0x00000000c2997f60,0x00000000c4980000)
 Metaspace       used 15539K, capacity 15758K, committed 15872K, reserved 1062912K
  class space    used 1854K, capacity 1949K, committed 2048K, reserved 1048576K
Event: 11.482 GC heap after
Heap after GC invocations=7 (full 0):
 PSYoungGen      total 71168K, used 8176K [0x00000000eb580000, 0x00000000f0380000, 0x0000000100000000)
  eden space 62976K, 0% used [0x00000000eb580000,0x00000000eb580000,0x00000000ef300000)
  from space 8192K, 99% used [0x00000000ef300000,0x00000000efafc010,0x00000000efb00000)
  to   space 7680K, 0% used [0x00000000efb00000,0x00000000efb00000,0x00000000f0280000)
 ParOldGen       total 42496K, used 14782K [0x00000000c2000000, 0x00000000c4980000, 0x00000000eb580000)
  object space 42496K, 34% used [0x00000000c2000000,0x00000000c2e6fb48,0x00000000c4980000)
 Metaspace       used 15539K, capacity 15758K, committed 15872K, reserved 1062912K
  class space    used 1854K, capacity 1949K, committed 2048K, reserved 1048576K
}
Event: 16.759 GC heap before
{Heap before GC invocations=8 (full 0):
 PSYoungGen      total 71168K, used 71152K [0x00000000eb580000, 0x00000000f0380000, 0x0000000100000000)
  eden space 62976K, 100% used [0x00000000eb580000,0x00000000ef300000,0x00000000ef300000)
  from space 8192K, 99% used [0x00000000ef300000,0x00000000efafc010,0x00000000efb00000)
  to   space 7680K, 0% used [0x00000000efb00000,0x00000000efb00000,0x00000000f0280000)
 ParOldGen       total 42496K, used 14782K [0x00000000c2000000, 0x00000000c4980000, 0x00000000eb580000)
  object space 42496K, 34% used [0x00000000c2000000,0x00000000c2e6fb48,0x00000000c4980000)
 Metaspace       used 16821K, capacity 17196K, committed 17536K, reserved 1064960K
  class space    used 1966K, capacity 2086K, committed 2176K, reserved 1048576K
Event: 16.814 GC heap after
Heap after GC invocations=8 (full 0):
 PSYoungGen      total 70656K, used 7664K [0x00000000eb580000, 0x00000000f0380000, 0x0000000100000000)
  eden space 62976K, 0% used [0x00000000eb580000,0x00000000eb580000,0x00000000ef300000)
  from space 7680K, 99% used [0x00000000efb00000,0x00000000f027c030,0x00000000f0280000)
  to   space 8192K, 0% used [0x00000000ef300000,0x00000000ef300000,0x00000000efb00000)
 ParOldGen       total 42496K, used 20009K [0x00000000c2000000, 0x00000000c4980000, 0x00000000eb580000)
  object space 42496K, 47% used [0x00000000c2000000,0x00000000c338a698,0x00000000c4980000)
 Metaspace       used 16821K, capacity 17196K, committed 17536K, reserved 1064960K
  class space    used 1966K, capacity 2086K, committed 2176K, reserved 1048576K
}

