# JRE version: Java(TM) SE Runtime Environment (8.0_221-b11) (build 1.8.0_221-b11)
# Java VM: Java HotSpot(TM) 64-Bit Server VM (25.221-b11 mixed mode windows-amd64 compressed oops)
Heap:
 PSYoungGen      total 211968K, used 128757K [0x00000000eb580000, 0x00000000fe700000, 0x0000000100000000)
  eden space 197632K, 57% used [0x00000000eb580000,0x00000000f253e578,0x00000000f7680000)
  from space 14336K, 99% used [0x00000000f7680000,0x00000000f847efe0,0x00000000f8480000)
  to   space 19968K, 0% used [0x00000000fd380000,0x00000000fd380000,0x00000000fe700000)
 ParOldGen       total 48128K, used 29294K [0x00000000c2000000, 0x00000000c4f00000, 0x00000000eb580000)
  object space 48128K, 60% used [0x00000000c2000000,0x00000000c3c9b9a0,0x00000000c4f00000)
 Metaspace       used 28890K, capacity 29528K, committed 29696K, reserved 1075200K
  class space    used 3302K, capacity 3481K, committed 3584K, reserved 1048576K
GC Heap History (10 events):
Event: 9.230 GC heap before
{Heap before GC invocations=8 (full 0):
 PSYoungGen      total 68096K, used 68080K [0x00000000eb580000, 0x00000000f4080000, 0x0000000100000000)
  eden space 62976K, 100% used [0x00000000eb580000,0x00000000ef300000,0x00000000ef300000)
  from space 5120K, 99% used [0x00000000ef300000,0x00000000ef7fc010,0x00000000ef800000)
  to   space 8192K, 0% used [0x00000000f3880000,0x00000000f3880000,0x00000000f4080000)
 ParOldGen       total 42496K, used 6804K [0x00000000c2000000, 0x00000000c4980000, 0x00000000eb580000)
  object space 42496K, 16% used [0x00000000c2000000,0x00000000c26a5200,0x00000000c4980000)
 Metaspace       used 16986K, capacity 17204K, committed 17408K, reserved 1064960K
  class space    used 1975K, capacity 2044K, committed 2048K, reserved 1048576K
Event: 9.640 GC heap after
Heap after GC invocations=8 (full 0):
 PSYoungGen      total 131584K, used 8192K [0x00000000eb580000, 0x00000000f4580000, 0x0000000100000000)
  eden space 123392K, 0% used [0x00000000eb580000,0x00000000eb580000,0x00000000f2e00000)
  from space 8192K, 100% used [0x00000000f3880000,0x00000000f4080000,0x00000000f4080000)
  to   space 10752K, 0% used [0x00000000f2e00000,0x00000000f2e00000,0x00000000f3880000)
 ParOldGen       total 42496K, used 9935K [0x00000000c2000000, 0x00000000c4980000, 0x00000000eb580000)
  object space 42496K, 23% used [0x00000000c2000000,0x00000000c29b3e08,0x00000000c4980000)
 Metaspace       used 16986K, capacity 17204K, committed 17408K, reserved 1064960K
  class space    used 1975K, capacity 2044K, committed 2048K, reserved 1048576K
}
Event: 12.202 GC heap before
{Heap before GC invocations=9 (full 0):
 PSYoungGen      total 131584K, used 131584K [0x00000000eb580000, 0x00000000f4580000, 0x0000000100000000)
  eden space 123392K, 100% used [0x00000000eb580000,0x00000000f2e00000,0x00000000f2e00000)
  from space 8192K, 100% used [0x00000000f3880000,0x00000000f4080000,0x00000000f4080000)
  to   space 10752K, 0% used [0x00000000f2e00000,0x00000000f2e00000,0x00000000f3880000)
 ParOldGen       total 42496K, used 9935K [0x00000000c2000000, 0x00000000c4980000, 0x00000000eb580000)
  object space 42496K, 23% used [0x00000000c2000000,0x00000000c29b3e08,0x00000000c4980000)
 Metaspace       used 18949K, capacity 19248K, committed 19456K, reserved 1067008K
  class space    used 2132K, capacity 2256K, committed 2304K, reserved 1048576K
Event: 12.273 GC heap after
Heap after GC invocations=9 (full 0):
 PSYoungGen      total 134144K, used 10736K [0x00000000eb580000, 0x00000000f9480000, 0x0000000100000000)
  eden space 123392K, 0% used [0x00000000eb580000,0x00000000eb580000,0x00000000f2e00000)
  from space 10752K, 99% used [0x00000000f2e00000,0x00000000f387c010,0x00000000f3880000)
  to   space 15360K, 0% used [0x00000000f8580000,0x00000000f8580000,0x00000000f9480000)
 ParOldGen       total 42496K, used 16647K [0x00000000c2000000, 0x00000000c4980000, 0x00000000eb580000)
  object space 42496K, 39% used [0x00000000c2000000,0x00000000c3041f98,0x00000000c4980000)
 Metaspace       used 18949K, capacity 19248K, committed 19456K, reserved 1067008K
  class space    used 2132K, capacity 2256K, committed 2304K, reserved 1048576K
}
Event: 12.741 GC heap before
{Heap before GC invocations=10 (full 0):
 PSYoungGen      total 134144K, used 35452K [0x00000000eb580000, 0x00000000f9480000, 0x0000000100000000)
  eden space 123392K, 20% used [0x00000000eb580000,0x00000000ecda3378,0x00000000f2e00000)
  from space 10752K, 99% used [0x00000000f2e00000,0x00000000f387c010,0x00000000f3880000)
  to   space 15360K, 0% used [0x00000000f8580000,0x00000000f8580000,0x00000000f9480000)
 ParOldGen       total 42496K, used 16647K [0x00000000c2000000, 0x00000000c4980000, 0x00000000eb580000)
  object space 42496K, 39% used [0x00000000c2000000,0x00000000c3041f98,0x00000000c4980000)
 Metaspace       used 20915K, capacity 21224K, committed 21248K, reserved 1069056K
  class space    used 2409K, capacity 2552K, committed 2560K, reserved 1048576K
Event: 12.767 GC heap after
Heap after GC invocations=10 (full 0):
 PSYoungGen      total 210944K, used 5459K [0x00000000eb580000, 0x00000000f9280000, 0x0000000100000000)
  eden space 197632K, 0% used [0x00000000eb580000,0x00000000eb580000,0x00000000f7680000)
  from space 13312K, 41% used [0x00000000f8580000,0x00000000f8ad4ff8,0x00000000f9280000)
  to   space 14336K, 0% used [0x00000000f7680000,0x00000000f7680000,0x00000000f8480000)
 ParOldGen       total 42496K, used 22734K [0x00000000c2000000, 0x00000000c4980000, 0x00000000eb580000)
  object space 42496K, 53% used [0x00000000c2000000,0x00000000c36339c0,0x00000000c4980000)
 Metaspace       used 20915K, capacity 21224K, committed 21248K, reserved 1069056K
  class space    used 2409K, capacity 2552K, committed 2560K, reserved 1048576K
}
Event: 12.767 GC heap before
{Heap before GC invocations=11 (full 1):
 PSYoungGen      total 210944K, used 5459K [0x00000000eb580000, 0x00000000f9280000, 0x0000000100000000)
  eden space 197632K, 0% used [0x00000000eb580000,0x00000000eb580000,0x00000000f7680000)
  from space 13312K, 41% used [0x00000000f8580000,0x00000000f8ad4ff8,0x00000000f9280000)
  to   space 14336K, 0% used [0x00000000f7680000,0x00000000f7680000,0x00000000f8480000)
 ParOldGen       total 42496K, used 22734K [0x00000000c2000000, 0x00000000c4980000, 0x00000000eb580000)
  object space 42496K, 53% used [0x00000000c2000000,0x00000000c36339c0,0x00000000c4980000)
 Metaspace       used 20915K, capacity 21224K, committed 21248K, reserved 1069056K
  class space    used 2409K, capacity 2552K, committed 2560K, reserved 1048576K
Event: 13.069 GC heap after
Heap after GC invocations=11 (full 1):
 PSYoungGen      total 210944K, used 0K [0x00000000eb580000, 0x00000000f9280000, 0x0000000100000000)
  eden space 197632K, 0% used [0x00000000eb580000,0x00000000eb580000,0x00000000f7680000)
  from space 13312K, 0% used [0x00000000f8580000,0x00000000f8580000,0x00000000f9280000)
  to   space 14336K, 0% used [0x00000000f7680000,0x00000000f7680000,0x00000000f8480000)
 ParOldGen       total 48128K, used 20062K [0x00000000c2000000, 0x00000000c4f00000, 0x00000000eb580000)
  object space 48128K, 41% used [0x00000000c2000000,0x00000000c3397970,0x00000000c4f00000)
 Metaspace       used 20915K, capacity 21224K, committed 21248K, reserved 1069056K
  class space    used 2409K, capacity 2552K, committed 2560K, reserved 1048576K
}
Event: 21.939 GC heap before
{Heap before GC invocations=12 (full 1):
 PSYoungGen      total 210944K, used 197632K [0x00000000eb580000, 0x00000000f9280000, 0x0000000100000000)
  eden space 197632K, 100% used [0x00000000eb580000,0x00000000f7680000,0x00000000f7680000)
  from space 13312K, 0% used [0x00000000f8580000,0x00000000f8580000,0x00000000f9280000)
  to   space 14336K, 0% used [0x00000000f7680000,0x00000000f7680000,0x00000000f8480000)
 ParOldGen       total 48128K, used 20062K [0x00000000c2000000, 0x00000000c4f00000, 0x00000000eb580000)
  object space 48128K, 41% used [0x00000000c2000000,0x00000000c3397970,0x00000000c4f00000)
 Metaspace       used 26383K, capacity 26936K, committed 27136K, reserved 1073152K
  class space    used 3050K, capacity 3219K, committed 3328K, reserved 1048576K
Event: 21.981 GC heap after
Heap after GC invocations=12 (full 1):
 PSYoungGen      total 211968K, used 14331K [0x00000000eb580000, 0x00000000fe700000, 0x0000000100000000)
  eden space 197632K, 0% used [0x00000000eb580000,0x00000000eb580000,0x00000000f7680000)
  from space 14336K, 99% used [0x00000000f7680000,0x00000000f847efe0,0x00000000f8480000)
  to   space 19968K, 0% used [0x00000000fd380000,0x00000000fd380000,0x00000000fe700000)
 ParOldGen       total 48128K, used 29294K [0x00000000c2000000, 0x00000000c4f00000, 0x00000000eb580000)
  object space 48128K, 60% used [0x00000000c2000000,0x00000000c3c9b9a0,0x00000000c4f00000)
 Metaspace       used 26383K, capacity 26936K, committed 27136K, reserved 1073152K
  class space    used 3050K, capacity 3219K, committed 3328K, reserved 1048576K
}

